-------------------------------------------------------------------------------
Test set: com.fumin.role.demo.JianhangPosApplicationTests
-------------------------------------------------------------------------------
Tests run: 1, Failures: 0, Errors: 1, Skipped: 0, Time elapsed: 2.237 s <<< FAILURE! - in com.fumin.role.demo.JianhangPosApplicationTests
contextLoads(com.fumin.role.demo.JianhangPosApplicationTests)  Time elapsed: 0.001 s  <<< ERROR!
java.lang.IllegalStateException: Failed to load ApplicationContext
Caused by: org.springframework.beans.factory.UnsatisfiedDependencyException: Error creating bean with name 'adminController': Unsatisfied dependency expressed through field 'service'; nested exception is org.springframework.beans.factory.UnsatisfiedDependencyException: Error creating bean with name 'adminServiceImpl': Unsatisfied dependency expressed through field 'sqlSessionFactory'; nested exception is org.springframework.beans.factory.BeanCreationException: Error creating bean with name 'sqlSessionFactory' defined in class path resource [tk/mybatis/mapper/autoconfigure/MapperAutoConfiguration.class]: Bean instantiation via factory method failed; nested exception is org.springframework.beans.BeanInstantiationException: Failed to instantiate [org.apache.ibatis.session.SqlSessionFactory]: Factory method 'sqlSessionFactory' threw exception; nested exception is org.springframework.core.NestedIOException: Failed to parse mapping resource: 'file [D:\git_public\jianhangtongji\target\classes\mapper\navMapper.xml]'; nested exception is org.apache.ibatis.builder.BuilderException: Error parsing Mapper XML. The XML location is 'file [D:\git_public\jianhangtongji\target\classes\mapper\navMapper.xml]'. Cause: org.apache.ibatis.builder.BuilderException: Error resolving class. Cause: org.apache.ibatis.type.TypeException: Could not resolve type alias 'com.fumin.jianhang.pos.bean.Nav'.  Cause: java.lang.ClassNotFoundException: Cannot find class: com.fumin.jianhang.pos.bean.Nav
Caused by: org.springframework.beans.factory.UnsatisfiedDependencyException: Error creating bean with name 'adminServiceImpl': Unsatisfied dependency expressed through field 'sqlSessionFactory'; nested exception is org.springframework.beans.factory.BeanCreationException: Error creating bean with name 'sqlSessionFactory' defined in class path resource [tk/mybatis/mapper/autoconfigure/MapperAutoConfiguration.class]: Bean instantiation via factory method failed; nested exception is org.springframework.beans.BeanInstantiationException: Failed to instantiate [org.apache.ibatis.session.SqlSessionFactory]: Factory method 'sqlSessionFactory' threw exception; nested exception is org.springframework.core.NestedIOException: Failed to parse mapping resource: 'file [D:\git_public\jianhangtongji\target\classes\mapper\navMapper.xml]'; nested exception is org.apache.ibatis.builder.BuilderException: Error parsing Mapper XML. The XML location is 'file [D:\git_public\jianhangtongji\target\classes\mapper\navMapper.xml]'. Cause: org.apache.ibatis.builder.BuilderException: Error resolving class. Cause: org.apache.ibatis.type.TypeException: Could not resolve type alias 'com.fumin.jianhang.pos.bean.Nav'.  Cause: java.lang.ClassNotFoundException: Cannot find class: com.fumin.jianhang.pos.bean.Nav
Caused by: org.springframework.beans.factory.BeanCreationException: Error creating bean with name 'sqlSessionFactory' defined in class path resource [tk/mybatis/mapper/autoconfigure/MapperAutoConfiguration.class]: Bean instantiation via factory method failed; nested exception is org.springframework.beans.BeanInstantiationException: Failed to instantiate [org.apache.ibatis.session.SqlSessionFactory]: Factory method 'sqlSessionFactory' threw exception; nested exception is org.springframework.core.NestedIOException: Failed to parse mapping resource: 'file [D:\git_public\jianhangtongji\target\classes\mapper\navMapper.xml]'; nested exception is org.apache.ibatis.builder.BuilderException: Error parsing Mapper XML. The XML location is 'file [D:\git_public\jianhangtongji\target\classes\mapper\navMapper.xml]'. Cause: org.apache.ibatis.builder.BuilderException: Error resolving class. Cause: org.apache.ibatis.type.TypeException: Could not resolve type alias 'com.fumin.jianhang.pos.bean.Nav'.  Cause: java.lang.ClassNotFoundException: Cannot find class: com.fumin.jianhang.pos.bean.Nav
Caused by: org.springframework.beans.BeanInstantiationException: Failed to instantiate [org.apache.ibatis.session.SqlSessionFactory]: Factory method 'sqlSessionFactory' threw exception; nested exception is org.springframework.core.NestedIOException: Failed to parse mapping resource: 'file [D:\git_public\jianhangtongji\target\classes\mapper\navMapper.xml]'; nested exception is org.apache.ibatis.builder.BuilderException: Error parsing Mapper XML. The XML location is 'file [D:\git_public\jianhangtongji\target\classes\mapper\navMapper.xml]'. Cause: org.apache.ibatis.builder.BuilderException: Error resolving class. Cause: org.apache.ibatis.type.TypeException: Could not resolve type alias 'com.fumin.jianhang.pos.bean.Nav'.  Cause: java.lang.ClassNotFoundException: Cannot find class: com.fumin.jianhang.pos.bean.Nav
Caused by: org.springframework.core.NestedIOException: Failed to parse mapping resource: 'file [D:\git_public\jianhangtongji\target\classes\mapper\navMapper.xml]'; nested exception is org.apache.ibatis.builder.BuilderException: Error parsing Mapper XML. The XML location is 'file [D:\git_public\jianhangtongji\target\classes\mapper\navMapper.xml]'. Cause: org.apache.ibatis.builder.BuilderException: Error resolving class. Cause: org.apache.ibatis.type.TypeException: Could not resolve type alias 'com.fumin.jianhang.pos.bean.Nav'.  Cause: java.lang.ClassNotFoundException: Cannot find class: com.fumin.jianhang.pos.bean.Nav
Caused by: org.apache.ibatis.builder.BuilderException: Error parsing Mapper XML. The XML location is 'file [D:\git_public\jianhangtongji\target\classes\mapper\navMapper.xml]'. Cause: org.apache.ibatis.builder.BuilderException: Error resolving class. Cause: org.apache.ibatis.type.TypeException: Could not resolve type alias 'com.fumin.jianhang.pos.bean.Nav'.  Cause: java.lang.ClassNotFoundException: Cannot find class: com.fumin.jianhang.pos.bean.Nav
Caused by: org.apache.ibatis.builder.BuilderException: Error resolving class. Cause: org.apache.ibatis.type.TypeException: Could not resolve type alias 'com.fumin.jianhang.pos.bean.Nav'.  Cause: java.lang.ClassNotFoundException: Cannot find class: com.fumin.jianhang.pos.bean.Nav
Caused by: org.apache.ibatis.type.TypeException: Could not resolve type alias 'com.fumin.jianhang.pos.bean.Nav'.  Cause: java.lang.ClassNotFoundException: Cannot find class: com.fumin.jianhang.pos.bean.Nav
Caused by: java.lang.ClassNotFoundException: Cannot find class: com.fumin.jianhang.pos.bean.Nav

